"../../../../../UE4_Projects/Ampelos/Content/Character/Base/AmpelosBaseCharacter_3S-Chain_+Legs+Arms_FullBodyAtOnce_PhysicsAsset.uasset" 0
"../../../../../UE4_Projects/Ampelos/Content/Character/Base/AmpelosBaseCharacter_3S-Chain_+Legs+Arms_FullBodyAtOnce_Skeleton.uasset" 1
"../../../../../UE4_Projects/Ampelos/Content/Character/Base/AmpelosBaseCharacter_3S-Chain_+Legs+Arms_FullBodyAtOnce.uasset" 2
"../../../../../UE4_Projects/Ampelos/Content/Data/AmpelosGameInstance.uasset" 3
"../../../Engine/Content/EditorBlueprintResources/StandardMacros.uasset" 4
"../../../../../UE4_Projects/Ampelos/Content/Data/DataAssets/AmpelosDefinition.uasset" 5
"../../../../../UE4_Projects/Ampelos/Content/Data/DataAssets/EAmpelosItemFilter.uasset" 6
"../../../../../UE4_Projects/Ampelos/Content/Data/DataAssets/EAmpelosItemModelChannel.uasset" 7
"../../../../../UE4_Projects/Ampelos/Content/Data/DataAssets/EAmpelosItemType.uasset" 8
"../../../../../UE4_Projects/Ampelos/Content/Data/DataAssets/EAmpelosPickupType.uasset" 9
"../../../../../UE4_Projects/Ampelos/Content/Data/DataAssets/F3DInventoryTransformData.uasset" 10
"../../../../../UE4_Projects/Ampelos/Content/Data/DataAssets/AmpelosItemDefinition.uasset" 11
"../../../../../UE4_Projects/Ampelos/Content/Data/Managers/InventoryManager/AmpelosItemSlot.uasset" 12
"../../../../../UE4_Projects/Ampelos/Content/Data/Managers/InventoryManager/InventoryManager.uasset" 13
"../../../../../UE4_Projects/Ampelos/Content/ITEMS/WorldItem.uasset" 14
"../../../../../UE4_Projects/Ampelos/Content/UI/LCC_BarLowValue.uasset" 15
"../../../Engine/Content/Functions/Engine_MaterialFunctions01/Density/ExponentialDensity.uasset" 16
"../../../Engine/Content/Functions/Engine_MaterialFunctions01/Gradient/RadialGradientExponential.uasset" 17
"../../../Engine/Content/Functions/Engine_MaterialFunctions02/Utility/VectorToRadialValue.uasset" 18
"../../../../../UE4_Projects/Ampelos/Content/UI/cdimages/M_RadialProgressBar.uasset" 19
"../../../../../UE4_Projects/Ampelos/Content/UI/cdimages/M_RadialProgressBar_Inst.uasset" 20
"../../../../../UE4_Projects/Ampelos/Content/UI/cdimages/Crosshair.uasset" 21
"../../../../../UE4_Projects/Ampelos/Content/UI/cdimages/UI_2D_Health_ICO.uasset" 22
"../../../../../UE4_Projects/Ampelos/Content/UI/cdimages/UI_2D_Stamina_ICO.uasset" 23
"../../../../../UE4_Projects/Ampelos/Content/UI/cdimages/UI_2D_Weight_Normal_ICO.uasset" 24
"../../../../../UE4_Projects/Ampelos/Content/UI/UI.uasset" 25
"../../../../../UE4_Projects/Ampelos/Content/Character/Player/FirstPersonCharacter.uasset" 26
"../../../../../UE4_Projects/Ampelos/Content/Data/AmpelosGameMode.uasset" 27
"../../../../../UE4_Projects/Ampelos/Content/Data/Chunks/Chunk_Island.uasset" 28
"../../../../../UE4_Projects/Ampelos/Content/Data/Chunks/Chunk_UI.uasset" 29
"../../../../../UE4_Projects/Ampelos/Content/Data/DataAssets/EAmpelosCustomBodyPartType.uasset" 30
"../../../../../UE4_Projects/Ampelos/Content/Data/DataAssets/EAmpelosGender.uasset" 31
"../../../../../UE4_Projects/Ampelos/Content/Data/DataAssets/EAmpelosMaterialOverrideType.uasset" 32
"../../../../../UE4_Projects/Ampelos/Content/Data/DataAssets/AmpelosCharacterCustomPart.uasset" 33
"../../../../../UE4_Projects/Ampelos/Content/Data/DataAssets/NewDataAsset.uasset" 34
"../../../../../UE4_Projects/Ampelos/Content/Data/DataAssets/AmpelosTokenItemDefinition.uasset" 35
"../../../../../UE4_Projects/Ampelos/Content/Data/DataAssets/Token.uasset" 36
"../../../../../UE4_Projects/Ampelos/Content/Geometry/TEXTURE.uasset" 37
"../../../../../UE4_Projects/Ampelos/Content/Geometry/Meshes/CubeMaterial.uasset" 38
"../../../../../UE4_Projects/Ampelos/Content/Geometry/Meshes/1M_Cube_Chamfer.uasset" 39
"../../../../../UE4_Projects/Ampelos/Content/Geometry/Meshes/TemplateFloor.uasset" 40
"../../../Engine/Content/Functions/Engine_MaterialFunctions01/Opacity/CameraDepthFade.uasset" 41
"../../../Engine/Content/EngineMaterials/T_Default_Material_Grid_M.uasset" 42
"../../../Engine/Content/EngineMaterials/T_Default_Material_Grid_N.uasset" 43
"../../../Engine/Content/EngineMaterials/WorldGridMaterial.uasset" 44
"../../../../../UE4_Projects/Ampelos/Content/Geometry/Props/Grass/Grass_Small_01.uasset" 45
"../../../../../UE4_Projects/Ampelos/Content/Geometry/Props/Grass/2D/T_Grass.uasset" 46
"../../../../../UE4_Projects/Ampelos/Content/Geometry/Props/Grass/M_Grass_Small_01.uasset" 47
"../../../../../UE4_Projects/Ampelos/Content/ITEMS/Test/EmptyBucket.uasset" 48
"../../../../../UE4_Projects/Ampelos/Content/LANG/AmpelosText.uasset" 49
"../../../../../UE4_Projects/Ampelos/Content/Prototype/Draft/_White_.uasset" 50
"../../../../../UE4_Projects/Ampelos/Content/Prototype/Draft/Ground.uasset" 51
"../../../../../UE4_Projects/Ampelos/Content/World/PhysicalMaterials/PM_Wood.uasset" 52
"../../../../../UE4_Projects/Ampelos/Content/Prototype/Draft/Old_Wood.uasset" 53
"../../../../../UE4_Projects/Ampelos/Content/Prototype/Draft/Quatz.uasset" 54
"../../../../../UE4_Projects/Ampelos/Content/World/PhysicalMaterials/PM_Sand.uasset" 55
"../../../../../UE4_Projects/Ampelos/Content/Prototype/Draft/Sand.uasset" 56
"../../../../../UE4_Projects/Ampelos/Content/Prototype/Draft/The_Island_Draft_StartPoint_Player0.uasset" 57
"../../../../../UE4_Projects/Ampelos/Content/Prototype/Draft/Water.uasset" 58
"../../../../../UE4_Projects/Ampelos/Content/Prototype/Draft/The_Island_Draft_WaterChunk_Area_Start.uasset" 59
"../../../../../UE4_Projects/Ampelos/Content/UI/cdimages/M_RadialProgressBar_World.uasset" 60
"../../../../../UE4_Projects/Ampelos/Content/UI/cdimages/M_RadialProgressBar_World_Inst.uasset" 61
"../../../../../UE4_Projects/Ampelos/Content/UI/cdimages/UI_2D_Weight_Better_ICO.uasset" 62
"../../../../../UE4_Projects/Ampelos/Content/UI/cdimages/UI_2D_Weight_Worst_ICO.uasset" 63
"../../../Engine/Content/Functions/Engine_MaterialFunctions01/WorldPositionOffset/SimpleGrassWind.uasset" 64
"../../../../../UE4_Projects/Ampelos/Content/Geometry/Props/Grass/tex_grass_diff.uasset" 65
"../../../../../UE4_Projects/Ampelos/Content/Geometry/Props/Grass/M_grass.uasset" 66
"../../../../../UE4_Projects/Ampelos/Content/Geometry/Props/Grass/MI_grass.uasset" 67
"../../../../../UE4_Projects/Ampelos/Content/Geometry/Props/Grass/SM_grass001.uasset" 68
"../../../../../UE4_Projects/Ampelos/Content/World/FoliageTypes/Grass_01.uasset" 69
"../../../../../UE4_Projects/Ampelos/Content/Geometry/Props/Grass/SM_grass002.uasset" 70
"../../../../../UE4_Projects/Ampelos/Content/World/FoliageTypes/Grass_02.uasset" 71
"../../../../../UE4_Projects/Ampelos/Content/Geometry/Props/Grass/SM_grass003.uasset" 72
"../../../../../UE4_Projects/Ampelos/Content/World/FoliageTypes/Grass_03.uasset" 73
"../../../../../UE4_Projects/Ampelos/Content/World/Materials/WaterTest.uasset" 74
"../../../../../UE4_Projects/Ampelos/Content/World/Materials/2D/T_desert_sand_a_d.uasset" 75
"../../../Engine/Content/Animation/DefaultAnimCurveCompressionSettings.uasset" 76
"../../../Engine/Content/ArtTools/RenderToTexture/Meshes/S_1_Unit_Plane.uasset" 77
"../../../Engine/Content/EngineMaterials/DefaultMaterial.uasset" 78
"../../../Engine/Content/BasicShapes/Cone.uasset" 79
"../../../Engine/Content/BasicShapes/Cylinder.uasset" 80
"../../../Engine/Content/BasicShapes/Sphere.uasset" 81
"../../../Engine/Content/EditorLandscapeResources/DataLayer.uasset" 82
"../../../Engine/Content/EditorMaterials/MAT_Groups_Toggle.uasset" 83
"../../../Engine/Content/EditorMaterials/MAT_Groups_Visibility.uasset" 84
"../../../Engine/Content/EditorMaterials/PreviewShadowIndicator.uasset" 85
"../../../Engine/Content/EditorMaterials/PreviewShadowIndicatorMaterial.uasset" 86
"../../../Engine/Content/EditorMaterials/MatineeGroups/MAT_ColorTrack.uasset" 87
"../../../Engine/Content/EditorMaterials/MatineeGroups/MAT_Groups_Anim.uasset" 88
"../../../Engine/Content/EditorMaterials/MatineeGroups/MAT_Groups_AudioMaster.uasset" 89
"../../../Engine/Content/EditorMaterials/MatineeGroups/MAT_Groups_Director.uasset" 90
"../../../Engine/Content/EditorMaterials/MatineeGroups/MAT_Groups_Event.uasset" 91
"../../../Engine/Content/EditorMaterials/MatineeGroups/MAT_Groups_Fade.uasset" 92
"../../../Engine/Content/EditorMaterials/MatineeGroups/MAT_Groups_Float.uasset" 93
"../../../Engine/Content/EditorMaterials/MatineeGroups/MAT_Groups_Move.uasset" 94
"../../../Engine/Content/EditorMaterials/MatineeGroups/MAT_Groups_Slomo.uasset" 95
"../../../Engine/Content/EditorMaterials/MatineeGroups/MAT_Groups_Sound.uasset" 96
"../../../Engine/Content/EditorMaterials/MatineeGroups/MAT_Groups_Vector.uasset" 97
"../../../Engine/Content/EditorMaterials/ParticleSystems/PSysThumbnail_NoImage.uasset" 98
"../../../Engine/Content/EditorMaterials/ParticleSystems/PSysThumbnail_OOD.uasset" 99
"../../../Engine/Content/EditorMaterials/Camera/CineMat.uasset" 100
"../../../Engine/Content/EditorMaterials/Camera/MI_CineMat_Rig.uasset" 101
"../../../Engine/Content/EditorMeshes/Camera/SM_CraneRig_Arm.uasset" 102
"../../../Engine/Content/EditorMeshes/Camera/SM_CraneRig_Base.uasset" 103
"../../../Engine/Content/EditorMeshes/Camera/SM_CraneRig_Body.uasset" 104
"../../../Engine/Content/EditorMeshes/Camera/SM_CraneRig_Mount.uasset" 105
"../../../Engine/Content/EditorMeshes/Camera/SM_RailRig_Mount.uasset" 106
"../../../Engine/Content/EditorMeshes/Camera/SM_RailRig_Track.uasset" 107
"../../../Engine/Content/EditorResources/BSPVertex.uasset" 108
"../../../Engine/Content/EditorResources/EmptyActor.uasset" 109
"../../../Engine/Content/EditorResources/S_Actor.uasset" 110
"../../../Engine/Content/EditorResources/S_Note.uasset" 111
"../../../Engine/Content/EditorResources/S_Solver.uasset" 112
"../../../Engine/Content/EditorResources/S_Trigger.uasset" 113
"../../../Engine/Content/EditorResources/LightIcons/S_LightError.uasset" 114
"../../../Engine/Content/EditorResources/SequenceRecorder/Countdown.uasset" 115
"../../../Engine/Content/EditorResources/SequenceRecorder/RecordingIndicator.uasset" 116
"../../../Engine/Content/EditorSounds/Notifications/CompileFailed.uasset" 117
"../../../Engine/Content/EditorSounds/Notifications/CompileFailed_Cue.uasset" 118
"../../../Engine/Content/EditorSounds/Notifications/CompileSuccess.uasset" 119
"../../../Engine/Content/EditorSounds/Notifications/CompileStart_Cue.uasset" 120
"../../../Engine/Content/EditorSounds/Notifications/CompileSuccess_Cue.uasset" 121
"../../../Engine/Content/EngineDamageTypes/DmgTypeBP_Environmental.uasset" 122
"../../../Engine/Content/EngineDebugMaterials/DebugEditorMaterial.uasset" 123
"../../../Engine/Content/EngineDebugMaterials/DebugMeshMaterial.uasset" 124
"../../../Engine/Content/EngineDebugMaterials/M_SimpleUnlitTranslucent.uasset" 125
"../../../Engine/Content/Functions/Engine_MaterialFunctions02/Utility/CameraDirectionVector.uasset" 126
"../../../Engine/Content/EngineDebugMaterials/VolumeToRender.uasset" 127
"../../../Engine/Content/EngineDebugMaterials/M_VolumeRenderSphereTracePP.uasset" 128
"../../../Engine/Content/EngineDebugMaterials/WireframeMaterial.uasset" 129
"../../../Engine/Content/EngineFonts/Faces/DroidSansFallback.uasset" 130
"../../../Engine/Content/EngineFonts/Faces/RobotoBold.uasset" 131
"../../../Engine/Content/EngineFonts/Faces/RobotoBoldItalic.uasset" 132
"../../../Engine/Content/EngineFonts/Faces/RobotoItalic.uasset" 133
"../../../Engine/Content/EngineFonts/Faces/RobotoLight.uasset" 134
"../../../Engine/Content/EngineFonts/Faces/RobotoRegular.uasset" 135
"../../../Engine/Content/EngineFonts/Roboto.uasset" 136
"../../../Engine/Content/EngineMaterials/BaseFlattenDiffuseMap.uasset" 137
"../../../Engine/Content/EngineMaterials/BaseFlattenEmissiveMap.uasset" 138
"../../../Engine/Content/EngineMaterials/BaseFlattenGrayscaleMap.uasset" 139
"../../../Engine/Content/EngineMaterials/BaseFlattenNormalMap.uasset" 140
"../../../Engine/Content/EngineMaterials/BaseFlattenMaterial.uasset" 141
"../../../Engine/Content/EngineMaterials/BlueNoise.uasset" 142
"../../../Engine/Content/EngineMaterials/DefaultBloomKernel.uasset" 143
"../../../Engine/Content/EngineMaterials/DefaultBokeh.uasset" 144
"../../../Engine/Content/EngineMaterials/DefaultDiffuse.uasset" 145
"../../../Engine/Content/EngineMaterials/DefaultDeferredDecalMaterial.uasset" 146
"../../../Engine/Content/EngineMaterials/DefaultLightFunctionMaterial.uasset" 147
"../../../Engine/Content/Functions/Engine_MaterialFunctions02/Utility/BreakOutFloat2Components.uasset" 148
"../../../Engine/Content/EngineMaterials/DefaultPostProcessMaterial.uasset" 149
"../../../Engine/Content/EngineFonts/RobotoDistanceField.uasset" 150
"../../../Engine/Content/EngineMaterials/DefaultTextMaterialOpaque.uasset" 151
"../../../Engine/Content/EngineMaterials/DefaultWhiteGrid.uasset" 152
"../../../Engine/Content/EngineMaterials/DefaultWhiteGrid_Low.uasset" 153
"../../../Engine/Content/EngineMaterials/EmissiveMeshMaterial.uasset" 154
"../../../Engine/Content/EngineMaterials/GizmoMaterial.uasset" 155
"../../../Engine/Content/EngineMaterials/Good64x64TilingNoiseHighFreq.uasset" 156
"../../../Engine/Content/EngineMaterials/MiniFont.uasset" 157
"../../../Engine/Content/EngineMaterials/InvalidLightmapSettings.uasset" 158
"../../../Engine/Content/EngineMaterials/M_InvalidLightmapSettings.uasset" 159
"../../../Engine/Content/Functions/Engine_MaterialFunctions02/WorldPositionOffset/CameraOffset.uasset" 160
"../../../Engine/Content/EngineMaterials/PhAT_JointLimitMaterial.uasset" 161
"../../../Engine/Content/EngineMaterials/PreintegratedSkinBRDF.uasset" 162
"../../../Engine/Content/EngineMaterials/RemoveSurfaceMaterial.uasset" 163
"../../../Engine/Content/EngineResources/WhiteSquareTexture.uasset" 164
"../../../Engine/Content/EngineMaterials/Widget3DPassThrough.uasset" 165
"../../../Engine/Content/EngineMaterials/Widget3DPassThrough_Masked.uasset" 166
"../../../Engine/Content/EngineMaterials/Widget3DPassThrough_Opaque.uasset" 167
"../../../Engine/Content/EngineMaterials/Widget3DPassThrough_Masked_OneSided.uasset" 168
"../../../Engine/Content/EngineMaterials/Widget3DPassThrough_Opaque_OneSided.uasset" 169
"../../../Engine/Content/EngineMaterials/Widget3DPassThrough_Translucent.uasset" 170
"../../../Engine/Content/EngineMaterials/Widget3DPassThrough_Translucent_OneSided.uasset" 171
"../../../Engine/Content/EngineMeshes/Cylinder.uasset" 172
"../../../Engine/Content/EngineMeshes/Sphere.uasset" 173
"../../../Engine/Content/EngineResources/Black.uasset" 174
"../../../Engine/Content/EngineResources/DefaultTexture.uasset" 175
"../../../Engine/Content/EngineResources/DefaultTextureCube.uasset" 176
"../../../Engine/Content/EngineResources/DefaultVolumeTexture2D.uasset" 177
"../../../Engine/Content/EngineResources/DefaultVolumeTexture.uasset" 178
"../../../Engine/Content/EngineResources/GradientTexture0.uasset" 179
"../../../Engine/Content/EngineSounds/Master.uasset" 180
"../../../Engine/Content/Functions/Engine_MaterialFunctions01/Shading/ConvertFromDiffSpec.uasset" 181
"../../../Engine/Content/Functions/Engine_MaterialFunctions01/Shading/PowerToRoughness.uasset" 182
"../../../Engine/Content/Maps/Templates/Thumbnails/Default.uasset" 183
"../../../Engine/Content/Maps/Templates/Thumbnails/TimeOfDay.uasset" 184
"../../../Engine/Content/Maps/Templates/Thumbnails/VR-Basic.uasset" 185
"../../../Engine/Content/MobileResources/T_MobileControls_texture.uasset" 186
"../../../Engine/Content/MobileResources/T_MobileMenu2.uasset" 187
"../../../Engine/Content/MobileResources/HUD/AnalogHat.uasset" 188
"../../../Engine/Content/MobileResources/HUD/VirtualJoystick_Background.uasset" 189
"../../../Engine/Content/MobileResources/HUD/VirtualJoystick_Thumb.uasset" 190
"../../../Engine/Content/MobileResources/HUD/DefaultVirtualJoysticks.uasset" 191
"../../../Engine/Content/MobileResources/HUD/LeftVirtualJoystickOnly.uasset" 192
"../../../Engine/Content/MobileResources/HUD/MobileHUDButton1_off.uasset" 193
"../../../Engine/Content/MobileResources/HUD/MobileHUDButton1_on.uasset" 194
"../../../Engine/Content/MobileResources/HUD/MobileHUDButton2_off.uasset" 195
"../../../Engine/Content/MobileResources/HUD/MobileHUDButton2_on.uasset" 196
"../../../Engine/Content/MobileResources/HUD/MobileHUDButton3.uasset" 197
"../../../Engine/Content/MobileResources/HUD/MobileHUDButtonFire.uasset" 198
"../../../Engine/Content/MobileResources/HUD/MobileHUDDirectionPad.uasset" 199
"../../../Engine/Content/MobileResources/HUD/MobileHUDDirectionPad2.uasset" 200
"../../../Engine/Content/MobileResources/HUD/MobileHUDDirectionPad3.uasset" 201
"../../../Engine/Content/MobileResources/HUD/MobileHUDDirectionStick.uasset" 202
"../../../Engine/Content/MobileResources/HUD/T_Castle_ThumbstickInner.uasset" 203
"../../../Engine/Content/MobileResources/HUD/T_Castle_ThumbstickOutter.uasset" 204
"../../../Engine/Content/Tutorial/ContentIntroCurve.uasset" 205
"../../../Engine/Content/Tutorial/Basics/LevelEditorAttract.uasset" 206
"../../../Engine/Content/Tutorial/Landscape/TutorialAssets/Landscape.uasset" 207
"../../../Engine/Content/Tutorial/Landscape/LandscapeWalkThrough.uasset" 208
"../../../Engine/Content/Tutorial/Landscape/Landscape_Manage_Mode.uasset" 209
"../../../Engine/Content/Tutorial/Landscape/Landscape_Painting_Mode.uasset" 210
"../../../Engine/Content/Tutorial/Landscape/Landscape_Sculpt_Mode.uasset" 211
"../../../Engine/Content/Tutorial/SubEditors/GettingSubstance.uasset" 212
"../../../Engine/Content/VREditor/LaserPointer/VR_LaserPower_01.uasset" 213
"../../../Engine/Content/VREditor/TransformGizmo/TransformGizmoMaterial.uasset" 214
"../../../Engine/Content/VREditor/TransformGizmo/TranslucentTransformGizmoMaterial.uasset" 215
"../../../Engine/Content/VREditor/TransformGizmo/BoundingBoxCorner.uasset" 216
"../../../Engine/Content/VREditor/TransformGizmo/BoundingBoxEdge.uasset" 217
"../../../Engine/Content/VREditor/TransformGizmo/PlaneTranslationHandle.uasset" 218
"../../../Engine/Content/VREditor/TransformGizmo/Main.uasset" 219
"../../../Engine/Content/VREditor/TransformGizmo/Xray.uasset" 220
"../../../Engine/Content/VREditor/TransformGizmo/SM_Sequencer_Key.uasset" 221
"../../../Engine/Content/VREditor/TransformGizmo/SM_Sequencer_Node.uasset" 222
"../../Plugins/2D/Paper2D/Content/PlaceholderTextures/DummySpriteTexture.uasset" 223
"../../Plugins/2D/Paper2D/Content/DummySprite.uasset" 224
"../../Plugins/2D/Paper2D/Content/DefaultPaperTerrainMaterial.uasset" 225
"../../Plugins/2D/Paper2D/Content/DefaultSpriteMaterial.uasset" 226
"../../Plugins/2D/Paper2D/Content/MaskedUnlitSpriteMaterial.uasset" 227
"../../Plugins/2D/Paper2D/Content/OpaqueUnlitSpriteMaterial.uasset" 228
"../../Plugins/FX/Niagara/Content/Enums/ENiagaraBooleanLogicOps.uasset" 229
"../../Plugins/FX/Niagara/Content/Enums/ENiagaraCoordinateSpace.uasset" 230
"../../Plugins/FX/Niagara/Content/Enums/ENiagaraExpansionMode.uasset" 231
"../../Plugins/FX/Niagara/Content/Enums/ENiagaraOrientationAxis.uasset" 232
"../../Plugins/FX/Niagara/Content/Enums/ENiagaraRandomnessMode.uasset" 233
"../../../Engine/Content/Functions/Engine_MaterialFunctions02/Utility/BreakOutFloat4Components.uasset" 234
"../../../Engine/Content/Functions/Engine_MaterialFunctions02/Utility/MakeFloat2.uasset" 235
"../../../Engine/Content/Functions/Engine_MaterialFunctions02/Utility/MakeFloat3.uasset" 236
"../../Plugins/Runtime/Oculus/OculusVR/Content/Materials/OculusMR_ChromaKey.uasset" 237
"../../Plugins/Runtime/Oculus/OculusVR/Content/Materials/OculusMR_ChromaKey_Lit.uasset" 238
"../../Plugins/Runtime/Oculus/OculusVR/Content/Materials/OculusMR_OpaqueColoredMaterial.uasset" 239
"../../Plugins/Runtime/Oculus/OculusVR/Content/Materials/OculusMR_WhiteMaterial.uasset" 240
"../../../Engine/Content/EngineSky/C_Sky_Cloud_Color.uasset" 241
"../../../Engine/Content/EngineSky/C_Sky_Horizon_Color.uasset" 242
"../../../Engine/Content/EngineSky/C_Sky_Zenith_Color.uasset" 243
"../../../Engine/Content/EngineSky/T_Sky_Blue.uasset" 244
"../../../Engine/Content/EngineSky/T_Sky_Clouds_M.uasset" 245
"../../../Engine/Content/EngineSky/T_Sky_Stars.uasset" 246
"../../../Engine/Content/EngineSky/M_Sky_Panning_Clouds2.uasset" 247
"../../../Engine/Content/EngineSky/SM_SkySphere.uasset" 248
"../../../Engine/Content/EngineSky/BP_Sky_Sphere.uasset" 249
"../../../../../UE4_Projects/Ampelos/Content/Character/Player/FirstPersonHUD.uasset" 250
"../../../../../UE4_Projects/Ampelos/Content/Character/Player/FirstPersonGameMode.uasset" 251
"../../../../../UE4_Projects/Ampelos/Content/World/Levels/FirstPersonExampleMap_BuiltData.uasset" 252
"../../../Engine/Content/Functions/Engine_MaterialFunctions03/Procedurals/ComputeFilterWidth.uasset" 253
"../../../Engine/Content/EngineMaterials/AntiAliasedTextMaterialTranslucent.uasset" 254
"../../../../../UE4_Projects/Ampelos/Content/Geometry/Meshes/1M_Cube.uasset" 255
"../../../../../UE4_Projects/Ampelos/Content/World/Levels/FirstPersonExampleMap.umap" 256
"../../../../../UE4_Projects/Ampelos/Content/Geometry/Items/TestItem.uasset" 257
"../../../../../UE4_Projects/Ampelos/Content/ITEMS/Test/Test.uasset" 258
"../../../../../UE4_Projects/Ampelos/Content/Geometry/Props/A_Deco.uasset" 259
"../../../../../UE4_Projects/Ampelos/Content/World/Zones/OOB_SafeZone.uasset" 260
"../../../../../UE4_Projects/Ampelos/Content/Geometry/Props/Area_Desert/small_rock_01.uasset" 261
"../../../../../UE4_Projects/Ampelos/Content/World/PhysicalMaterials/PM_Concrete.uasset" 262
"../../../../../UE4_Projects/Ampelos/Content/Geometry/Props/Area_Desert/Foliage_Desert_Small_Rock_01.uasset" 263
"../../../../../UE4_Projects/Ampelos/Content/World/PhysicalMaterials/PM_Grass.uasset" 264
"../../../../../UE4_Projects/Ampelos/Content/World/LandskapeLayerData/Grass_LayerInfo.uasset" 265
"../../../../../UE4_Projects/Ampelos/Content/World/LandskapeLayerData/Ground_LayerInfo.uasset" 266
"../../../../../UE4_Projects/Ampelos/Content/World/LandskapeLayerData/Sand_LayerInfo.uasset" 267
"../../../../../UE4_Projects/Ampelos/Content/World/PhysicalMaterials/PM_Snow.uasset" 268
"../../../../../UE4_Projects/Ampelos/Content/World/LandskapeLayerData/Snow_LayerInfo.uasset" 269
"../../../../../UE4_Projects/Ampelos/Content/World/Levels/Island_BuiltData.uasset" 270
"../../../Engine/Content/BasicShapes/BasicShapeMaterial.uasset" 271
"../../../Engine/Content/EngineMaterials/WeightMapPlaceholderTexture.uasset" 272
"../../../../../UE4_Projects/Ampelos/Content/World/Materials/2D/T_DeserSand_AO.uasset" 273
"../../../../../UE4_Projects/Ampelos/Content/World/Materials/2D/T_DeserSand_D.uasset" 274
"../../../../../UE4_Projects/Ampelos/Content/World/Materials/2D/T_desert_sand_a_eresion_n.uasset" 275
"../../../../../UE4_Projects/Ampelos/Content/World/Materials/2D/T_DesetSand_N.uasset" 276
"../../../../../UE4_Projects/Ampelos/Content/World/Materials/2D/T_Ground_AO.uasset" 277
"../../../../../UE4_Projects/Ampelos/Content/World/Materials/2D/T_Ground_D.uasset" 278
"../../../../../UE4_Projects/Ampelos/Content/World/Materials/2D/T_Ground_N.uasset" 279
"../../../../../UE4_Projects/Ampelos/Content/World/Materials/2D/T_Island_Grass.uasset" 280
"../../../../../UE4_Projects/Ampelos/Content/World/Materials/2D/T_sand_c_h.uasset" 281
"../../../../../UE4_Projects/Ampelos/Content/World/Materials/2D/T_Snow_Albedo.uasset" 282
"../../../../../UE4_Projects/Ampelos/Content/World/Materials/2D/T_Snow_Normal.uasset" 283
"../../../../../UE4_Projects/Ampelos/Content/World/Materials/2D/T_Snow_Roughness.uasset" 284
"../../../../../UE4_Projects/Ampelos/Content/World/Materials/LandscapeMaterial_Island.uasset" 285
"../../../../../UE4_Projects/Ampelos/Content/Geometry/Generic_Specular.uasset" 286
"../../../../../UE4_Projects/Ampelos/Content/World/Materials/2D/water_normal.uasset" 287
"../../../../../UE4_Projects/Ampelos/Content/World/PhysicalMaterials/PM_Water.uasset" 288
"../../../../../UE4_Projects/Ampelos/Content/World/Materials/Water.uasset" 289
"../../../../../UE4_Projects/Ampelos/Content/World/Materials/Water_Inst.uasset" 290
"../../../Engine/Content/BasicShapes/Cube.uasset" 291
"../../../Engine/Content/BasicShapes/Plane.uasset" 292
"../../../Engine/Content/EngineMaterials/DefaultPhysicalMaterial.uasset" 293
"../../../../../UE4_Projects/Ampelos/Content/Geometry/Buildings_EXT/Building_SeaLamp.uasset" 294
"../../../../../UE4_Projects/Ampelos/Content/Geometry/Props/Area_Desert/Quatz.uasset" 295
"../../../../../UE4_Projects/Ampelos/Content/Geometry/Props/Area_Desert/desert_olg_roof.uasset" 296
"../../../../../UE4_Projects/Ampelos/Content/Geometry/Props/Area_Start/prop_start_boat.uasset" 297
"../../../../../UE4_Projects/Ampelos/Content/Geometry/Props/Land_Props/Material.uasset" 298
"../../../../../UE4_Projects/Ampelos/Content/Geometry/Props/Land_Props/Material_001.uasset" 299
"../../../../../UE4_Projects/Ampelos/Content/Geometry/Props/Land_Props/LandProp_PalmTree_SandBiom_01.uasset" 300
"../../../../../UE4_Projects/Ampelos/Content/Geometry/Props/Land_Props/LandProp_Rock_SandBiom_01.uasset" 301
"../../../../../UE4_Projects/Ampelos/Content/World/Levels/Island.umap" 302
"../../../Engine/Content/Maps/Entry_BuiltData.uasset" 303
"../../../Engine/Content/Maps/Entry.umap" 304
